d:\source repositories\braininterchange-development\grpc\bicgrpcserver\cmake\build\bicgrpcmicroserver.dir\debug\vc142.pdb
d:\source repositories\braininterchange-development\grpc\bicgrpcserver\cmake\build\bicgrpcmicroserver.dir\debug\bicgrpc.grpc.pb.obj
d:\source repositories\braininterchange-development\grpc\bicgrpcserver\cmake\build\bicgrpcmicroserver.dir\debug\bicgrpc.pb.obj
d:\source repositories\braininterchange-development\grpc\bicgrpcserver\cmake\build\bicgrpcmicroserver.dir\debug\bicgrpcmicroserver.obj
d:\source repositories\braininterchange-development\grpc\bicgrpcserver\cmake\build\bicgrpc.pb.cc
d:\source repositories\braininterchange-development\grpc\bicgrpcserver\cmake\build\bicgrpc.pb.h
d:\source repositories\braininterchange-development\grpc\bicgrpcserver\cmake\build\bicgrpc.grpc.pb.cc
d:\source repositories\braininterchange-development\grpc\bicgrpcserver\cmake\build\bicgrpc.grpc.pb.h
d:\source repositories\braininterchange-development\grpc\bicgrpcserver\cmake\build\cmakefiles\generate.stamp
d:\source repositories\braininterchange-development\grpc\bicgrpcserver\cmake\build\debug\bicgrpcmicroserver.exe
d:\source repositories\braininterchange-development\grpc\bicgrpcserver\cmake\build\debug\bicgrpcmicroserver.ilk
d:\source repositories\braininterchange-development\grpc\bicgrpcserver\cmake\build\debug\bicgrpcmicroserver.pdb
d:\source repositories\braininterchange-development\grpc\bicgrpcserver\cmake\build\bicgrpcmicroserver.dir\debug\bicgrpcm.3bf30f56.tlog\cl.command.1.tlog
d:\source repositories\braininterchange-development\grpc\bicgrpcserver\cmake\build\bicgrpcmicroserver.dir\debug\bicgrpcm.3bf30f56.tlog\cl.read.1.tlog
d:\source repositories\braininterchange-development\grpc\bicgrpcserver\cmake\build\bicgrpcmicroserver.dir\debug\bicgrpcm.3bf30f56.tlog\cl.write.1.tlog
d:\source repositories\braininterchange-development\grpc\bicgrpcserver\cmake\build\bicgrpcmicroserver.dir\debug\bicgrpcm.3bf30f56.tlog\custombuild.command.1.tlog
d:\source repositories\braininterchange-development\grpc\bicgrpcserver\cmake\build\bicgrpcmicroserver.dir\debug\bicgrpcm.3bf30f56.tlog\custombuild.read.1.tlog
d:\source repositories\braininterchange-development\grpc\bicgrpcserver\cmake\build\bicgrpcmicroserver.dir\debug\bicgrpcm.3bf30f56.tlog\custombuild.write.1.tlog
d:\source repositories\braininterchange-development\grpc\bicgrpcserver\cmake\build\bicgrpcmicroserver.dir\debug\bicgrpcm.3bf30f56.tlog\link.command.1.tlog
d:\source repositories\braininterchange-development\grpc\bicgrpcserver\cmake\build\bicgrpcmicroserver.dir\debug\bicgrpcm.3bf30f56.tlog\link.read.1.tlog
d:\source repositories\braininterchange-development\grpc\bicgrpcserver\cmake\build\bicgrpcmicroserver.dir\debug\bicgrpcm.3bf30f56.tlog\link.write.1.tlog
