  BICgRPCmicroserver.cc
D:\Source Repositories\BrainInterchange-Development\gRPC\BICgRPCServer\BICgRPCmicroserver.cc(223,78): warning C4018: '>=': signed/unsigned mismatch
D:\Source Repositories\BrainInterchange-Development\gRPC\BICgRPCServer\BICgRPCmicroserver.cc(409,1): warning C4267: 'argument': conversion from 'size_t' to 'google::protobuf::uint32', possible loss of data
D:\Source Repositories\BrainInterchange-Development\gRPC\BICgRPCServer\BICgRPCmicroserver.cc(410,1): warning C4267: 'argument': conversion from 'size_t' to 'google::protobuf::uint32', possible loss of data
D:\Source Repositories\BrainInterchange-Development\gRPC\BICgRPCServer\BICgRPCmicroserver.cc(413,1): warning C4267: 'initializing': conversion from 'size_t' to 'int', possible loss of data
D:\Source Repositories\BrainInterchange-Development\gRPC\BICgRPCServer\BICgRPCmicroserver.cc(443,1): warning C4267: 'initializing': conversion from 'size_t' to 'int', possible loss of data
D:\Source Repositories\BrainInterchange-Development\gRPC\BICgRPCServer\BICgRPCmicroserver.cc(544,1): warning C4267: 'argument': conversion from 'size_t' to 'google::protobuf::uint32', possible loss of data
D:\Source Repositories\BrainInterchange-Development\gRPC\BICgRPCServer\BICgRPCmicroserver.cc(545,1): warning C4267: 'argument': conversion from 'size_t' to 'google::protobuf::uint32', possible loss of data
D:\Source Repositories\BrainInterchange-Development\gRPC\BICgRPCServer\BICgRPCmicroserver.cc(548,1): warning C4267: 'initializing': conversion from 'size_t' to 'int', possible loss of data
D:\Source Repositories\BrainInterchange-Development\gRPC\BICgRPCServer\BICgRPCmicroserver.cc(533,42): warning C4101: 'theError': unreferenced local variable
D:\Source Repositories\BrainInterchange-Development\gRPC\BICgRPCServer\BICgRPCmicroserver.cc(1014,74): warning C4244: 'argument': conversion from 'double' to 'const uint64_t', possible loss of data
D:\Source Repositories\BrainInterchange-Development\gRPC\BICgRPCServer\BICgRPCmicroserver.cc(1017,151): warning C4244: 'argument': conversion from 'double' to 'const uint64_t', possible loss of data
D:\Source Repositories\BrainInterchange-Development\gRPC\BICgRPCServer\BICgRPCmicroserver.cc(1025,77): warning C4244: 'argument': conversion from 'double' to 'const uint64_t', possible loss of data
D:\Source Repositories\BrainInterchange-Development\gRPC\BICgRPCServer\BICgRPCmicroserver.cc(1028,151): warning C4244: 'argument': conversion from 'double' to 'const uint64_t', possible loss of data
D:\Source Repositories\BrainInterchange-Development\gRPC\BICgRPCServer\BICgRPCmicroserver.cc(1031,151): warning C4244: 'argument': conversion from 'double' to 'const uint64_t', possible loss of data
D:\Source Repositories\BrainInterchange-Development\gRPC\BICgRPCServer\BICgRPCmicroserver.cc(1039,123): warning C4244: 'argument': conversion from 'double' to 'const uint64_t', possible loss of data
D:\gitbuilds\include\grpcpp/impl/codegen/proto_utils.h(52,1): warning C4267: 'initializing': conversion from 'size_t' to 'int', possible loss of data
D:\gitbuilds\include\grpcpp/impl/codegen/proto_utils.h(107): message : see reference to function template instantiation 'grpc::Status grpc::GenericSerialize<grpc::ProtoBufferWriter,T>(const grpc::protobuf::MessageLite &,grpc::ByteBuffer *,bool *)' being compiled
          with
          [
              T=BICgRPC::NeuralUpdate
          ]
D:\gitbuilds\include\grpcpp/impl/codegen/proto_utils.h(106): message : while compiling class template member function 'grpc::Status grpc::SerializationTraits<R,void>::Serialize(const grpc::protobuf::MessageLite &,grpc::ByteBuffer *,bool *)'
          with
          [
              R=BICgRPC::NeuralUpdate
          ]
D:\gitbuilds\include\grpcpp/impl/codegen/call_op_set.h(388): message : see reference to function template instantiation 'grpc::Status grpc::SerializationTraits<R,void>::Serialize(const grpc::protobuf::MessageLite &,grpc::ByteBuffer *,bool *)' being compiled
          with
          [
              R=BICgRPC::NeuralUpdate
          ]
D:\gitbuilds\include\grpcpp/impl/codegen/call_op_set.h(447): message : see reference to class template instantiation 'grpc::SerializationTraits<R,void>' being compiled
          with
          [
              R=BICgRPC::NeuralUpdate
          ]
D:\gitbuilds\include\grpcpp/impl/codegen/call_op_set.h(442): message : while compiling class template member function 'void grpc::internal::CallOpRecvMessage<R>::FinishOp(bool *)'
          with
          [
              R=BICgRPC::NeuralUpdate
          ]
D:\gitbuilds\include\grpcpp/impl/codegen/call_op_set.h(915): message : see reference to function template instantiation 'void grpc::internal::CallOpRecvMessage<R>::FinishOp(bool *)' being compiled
          with
          [
              R=BICgRPC::NeuralUpdate
          ]
D:\gitbuilds\include\grpcpp/impl/codegen/call_op_set.h(859): message : see reference to class template instantiation 'grpc::internal::CallOpRecvMessage<R>' being compiled
          with
          [
              R=BICgRPC::NeuralUpdate
          ]
D:\gitbuilds\include\grpcpp/impl/codegen/async_stream_impl.h(293): message : see reference to class template instantiation 'grpc::internal::CallOpSet<grpc::internal::CallOpRecvInitialMetadata,grpc::internal::CallOpRecvMessage<R>,grpc::internal::CallNoOp<3>,grpc::internal::CallNoOp<4>,grpc::internal::CallNoOp<5>,grpc::internal::CallNoOp<6>>' being compiled
          with
          [
              R=BICgRPC::NeuralUpdate
          ]
D:\Source Repositories\BrainInterchange-Development\gRPC\BICgRPCServer\cmake\build\BICgRPC.grpc.pb.h(2157): message : see reference to class template instantiation 'grpc_impl::ClientAsyncReader<BICgRPC::NeuralUpdate>' being compiled
  BICgRPCmicroserver.vcxproj -> D:\Source Repositories\BrainInterchange-Development\gRPC\BICgRPCServer\cmake\build\Debug\BICgRPCmicroserver.exe
